<!doctype html><html lang=en dir=auto><head><meta charset=utf-8><meta http-equiv=X-UA-Compatible content="IE=edge"><meta name=viewport content="width=device-width,initial-scale=1,shrink-to-fit=no"><meta name=robots content="index, follow"><title>Postgres - I can't replicate a slow query | SpeedDragon Blog</title><meta name=keywords content="sql,postgres"><meta name=description content="In one of my personal projects I&rsquo;ve implemented a GenServer to store slow queries. One of
these queries was returning 17+s seconds to return a result, so I decided to investigate the reason.
For the context, I&rsquo;m using a Postgres database and use PgAdmin as UI to test some queries.
The first step was to run the query on PgAdmin, but got a response immediately. Shouldn&rsquo;t this query take 17+ seconds?"><meta name=author content><link rel=canonical href=https://speeddragon.github.io/posts/postgres-slow-query/><link crossorigin=anonymous href=/assets/css/stylesheet.5861a6fea64e1e0784f794fd89c8f6fe71ac0528e3d0ef74da2ab896e25be14a.css integrity="sha256-WGGm/qZOHgeE95T9icj2/nGsBSjj0O902iq4luJb4Uo=" rel="preload stylesheet" as=style><link rel=icon href=https://speeddragon.github.io/favicon.ico><link rel=icon type=image/png sizes=16x16 href=https://speeddragon.github.io/favicon-16x16.png><link rel=icon type=image/png sizes=32x32 href=https://speeddragon.github.io/favicon-32x32.png><link rel=apple-touch-icon href=https://speeddragon.github.io/apple-touch-icon.png><link rel=mask-icon href=https://speeddragon.github.io/safari-pinned-tab.svg><meta name=theme-color content="#2e2e33"><meta name=msapplication-TileColor content="#2e2e33"><link rel=alternate hreflang=en href=https://speeddragon.github.io/posts/postgres-slow-query/><noscript><style>#theme-toggle,.top-link{display:none}</style><style>@media(prefers-color-scheme:dark){:root{--theme:rgb(29, 30, 32);--entry:rgb(46, 46, 51);--primary:rgb(218, 218, 219);--secondary:rgb(155, 156, 157);--tertiary:rgb(65, 66, 68);--content:rgb(196, 196, 197);--code-block-bg:rgb(46, 46, 51);--code-bg:rgb(55, 56, 62);--border:rgb(51, 51, 51)}.list{background:var(--theme)}.list:not(.dark)::-webkit-scrollbar-track{background:0 0}.list:not(.dark)::-webkit-scrollbar-thumb{border-color:var(--theme)}}</style></noscript><script async src="https://www.googletagmanager.com/gtag/js?id=G-7KQHSZCH69"></script><script>var dnt,doNotTrack=!1;if(!1&&(dnt=navigator.doNotTrack||window.doNotTrack||navigator.msDoNotTrack,doNotTrack=dnt=="1"||dnt=="yes"),!doNotTrack){window.dataLayer=window.dataLayer||[];function gtag(){dataLayer.push(arguments)}gtag("js",new Date),gtag("config","G-7KQHSZCH69")}</script><meta property="og:url" content="https://speeddragon.github.io/posts/postgres-slow-query/"><meta property="og:site_name" content="SpeedDragon Blog"><meta property="og:title" content="Postgres - I can't replicate a slow query"><meta property="og:description" content="In one of my personal projects I’ve implemented a GenServer to store slow queries. One of these queries was returning 17+s seconds to return a result, so I decided to investigate the reason.
For the context, I’m using a Postgres database and use PgAdmin as UI to test some queries. The first step was to run the query on PgAdmin, but got a response immediately. Shouldn’t this query take 17+ seconds?"><meta property="og:locale" content="en-us"><meta property="og:type" content="article"><meta property="article:section" content="posts"><meta property="article:published_time" content="2025-09-08T16:26:00+01:00"><meta property="article:modified_time" content="2025-09-08T16:26:00+01:00"><meta property="article:tag" content="Sql"><meta property="article:tag" content="Postgres"><meta name=twitter:card content="summary"><meta name=twitter:title content="Postgres - I can't replicate a slow query"><meta name=twitter:description content="In one of my personal projects I&rsquo;ve implemented a GenServer to store slow queries. One of
these queries was returning 17+s seconds to return a result, so I decided to investigate the reason.
For the context, I&rsquo;m using a Postgres database and use PgAdmin as UI to test some queries.
The first step was to run the query on PgAdmin, but got a response immediately. Shouldn&rsquo;t this query take 17+ seconds?"><script type=application/ld+json>{"@context":"https://schema.org","@type":"BreadcrumbList","itemListElement":[{"@type":"ListItem","position":1,"name":"Posts","item":"https://speeddragon.github.io/posts/"},{"@type":"ListItem","position":2,"name":"Postgres - I can't replicate a slow query","item":"https://speeddragon.github.io/posts/postgres-slow-query/"}]}</script><script type=application/ld+json>{"@context":"https://schema.org","@type":"BlogPosting","headline":"Postgres - I can't replicate a slow query","name":"Postgres - I can\u0027t replicate a slow query","description":"In one of my personal projects I\u0026rsquo;ve implemented a GenServer to store slow queries. One of these queries was returning 17+s seconds to return a result, so I decided to investigate the reason.\nFor the context, I\u0026rsquo;m using a Postgres database and use PgAdmin as UI to test some queries. The first step was to run the query on PgAdmin, but got a response immediately. Shouldn\u0026rsquo;t this query take 17+ seconds?\n","keywords":["sql","postgres"],"articleBody":"In one of my personal projects I’ve implemented a GenServer to store slow queries. One of these queries was returning 17+s seconds to return a result, so I decided to investigate the reason.\nFor the context, I’m using a Postgres database and use PgAdmin as UI to test some queries. The first step was to run the query on PgAdmin, but got a response immediately. Shouldn’t this query take 17+ seconds?\nFor a long time, I didn’t take a further deep dive into this because it wasn’t impacting the rest of the application that bad, so I just wrote a quick GitHub issue with the details to be checked later. At the time, a quick google search didn’t produce any results.\nHow to replicate this After 3 years, I decided to check this, now with more time to look into it. My first thought was to mimic the application behaviour and use prepared statements.\nThe query was something like this:\nSELECT i0.\"id\", i0.\"field1\" FROM \"table1\" AS i0 WHERE (((i0.\"field1\" LIKE $1) AND (i0.\"field2\" = $2)) AND ((i0.\"field3\" = 3) AND (i0.\"field4\" \u003e= $3))) AND (i0.\"id\" \u003e $4) ORDER BY i0.\"id\" LIMIT 1 I can create a prepare statement by append PREPARE query1 (text, text, text, int) AS to the beginning of the query. Then to execute I can call:\nEXPLAIN (ANALYZE, BUFFERS) EXECUTE q3('input1%', 'input2', 'input3', 11200000); To delete or modify the query, I need to delete it first, DEALLOCATE query1;\nThen, by running the query above more than 5 times, the 6th time would take the 17+ seconds instead of the sub second reply. Now I can try to understand the reason, since the query plan is provided.\nThe first five times runs in less than 5 ms with the following query plan:\nLimit (cost=0.43..7792.39 rows=1 width=76) (actual time=5.224..5.226 rows=1 loops=1) Buffers: shared hit=1104 read=81 dirtied=1 -\u003e Index Scan using table1_pkey on table1 i0 (cost=0.43..132463.71 rows=17 width=76) (actual time=5.222..5.223 rows=1 loops=1) Index Cond: (id \u003e 11200000) Filter: (((field1)::text ~~ 'input%'::text) AND ((field2)::text \u003e= 'input2'::text) AND ((field3)::text = 'input3'::text) AND (field4 = 3)) Rows Removed by Filter: 1577 Buffers: shared hit=1104 read=81 dirtied=1 Planning Time: 0.440 ms Execution Time: 5.259 ms The sixth time, it took 21 seconds with the following query plan.\nLimit (cost=4839.18..4839.18 rows=1 width=76) (actual time=21123.561..21123.567 rows=1 loops=1) Buffers: shared hit=4764 read=131142 dirtied=1612 written=10 -\u003e Sort (cost=4839.18..4839.19 rows=5 width=76) (actual time=21123.558..21123.562 rows=1 loops=1) Sort Key: id Sort Method: top-N heapsort Memory: 25kB Buffers: shared hit=4764 read=131142 dirtied=1612 written=10 -\u003e Bitmap Heap Scan on table1 i0 (cost=4259.79..4839.16 rows=5 width=76) (actual time=3705.783..21123.033 rows=365 loops=1) Recheck Cond: (((field1)::text ~~ $1) AND ((field3)::text = $2)) Rows Removed by Index Recheck: 3645131 Filter: (((plate_letters)::text \u003e= $3) AND (id \u003e $4) AND (field4 = 3)) Rows Removed by Filter: 471691 Heap Blocks: exact=45202 lossy=66193 Buffers: shared hit=4761 read=131142 dirtied=1612 written=10 -\u003e BitmapAnd (cost=4259.79..4259.79 rows=147 width=0) (actual time=3366.735..3366.737 rows=0 loops=1) Buffers: shared hit=4751 read=19757 written=10 -\u003e Bitmap Index Scan on table1_field1_trgm_idx (cost=0.00..1798.89 rows=55318 width=0) (actual time=774.775..774.775 rows=480650 loops=1) Index Cond: ((field1)::text ~~ $1) Buffers: shared hit=4750 read=3405 written=7 -\u003e Bitmap Index Scan on table1_field3_idx (cost=0.00..2460.65 rows=29346 width=0) (actual time=2581.453..2581.454 rows=559635 loops=1) Index Cond: ((field3)::text = $2) Buffers: shared hit=1 read=16352 written=3 Planning Time: 0.229 ms Execution Time: 21124.522 ms Solution Since I can replicate our problem now, I can understand it and find the solution for it.\nTo achieve a quick result I can for the cache plan to use force_custom_plan.\nSET plan_cache_mode = force_custom_plan; I didn’t use force_custom_plan, so I tweak the query so I could achieve similar result without the side effect of being too slow by requesting some filters that were too broad.\nArtificial Inteligance (or LLM) First time I’ve detected this was August 2022. ChatGPT was first launch in November 2022.\nI’ve been trying to integrate usage of LLM into my work for some time, but I didn’t like the results. When too specific about what I need it produce wrong results, but I’ve changed my approach to search for more simple stuff.\nAfter I’ve solved this, I decided to try to solve it using ChatGPT. Here it answer.\nI’ve asked to show some solutions how to fix the planning, since it was changing and the first one was to set force_custom_plan. I ended up using the 4th, rewriting the query.\n","wordCount":"711","inLanguage":"en","datePublished":"2025-09-08T16:26:00+01:00","dateModified":"2025-09-08T16:26:00+01:00","mainEntityOfPage":{"@type":"WebPage","@id":"https://speeddragon.github.io/posts/postgres-slow-query/"},"publisher":{"@type":"Organization","name":"SpeedDragon Blog","logo":{"@type":"ImageObject","url":"https://speeddragon.github.io/favicon.ico"}}}</script></head><body id=top><script>localStorage.getItem("pref-theme")==="dark"?document.body.classList.add("dark"):localStorage.getItem("pref-theme")==="light"?document.body.classList.remove("dark"):window.matchMedia("(prefers-color-scheme: dark)").matches&&document.body.classList.add("dark")</script><header class=header><nav class=nav><div class=logo><a href=https://speeddragon.github.io/ accesskey=h title="SpeedDragon Blog (Alt + H)">SpeedDragon Blog</a><div class=logo-switches><button id=theme-toggle accesskey=t title="(Alt + T)" aria-label="Toggle theme">
<svg id="moon" width="24" height="18" viewBox="0 0 24 24" fill="none" stroke="currentColor" stroke-width="2" stroke-linecap="round" stroke-linejoin="round"><path d="M21 12.79A9 9 0 1111.21 3 7 7 0 0021 12.79z"/></svg>
<svg id="sun" width="24" height="18" viewBox="0 0 24 24" fill="none" stroke="currentColor" stroke-width="2" stroke-linecap="round" stroke-linejoin="round"><circle cx="12" cy="12" r="5"/><line x1="12" y1="1" x2="12" y2="3"/><line x1="12" y1="21" x2="12" y2="23"/><line x1="4.22" y1="4.22" x2="5.64" y2="5.64"/><line x1="18.36" y1="18.36" x2="19.78" y2="19.78"/><line x1="1" y1="12" x2="3" y2="12"/><line x1="21" y1="12" x2="23" y2="12"/><line x1="4.22" y1="19.78" x2="5.64" y2="18.36"/><line x1="18.36" y1="5.64" x2="19.78" y2="4.22"/></svg></button></div></div><ul id=menu><li><a href=https://speeddragon.github.io/archives/ title=archives><span>archives</span></a></li><li><a href=https://speeddragon.github.io/search/ title="search (Alt + /)" accesskey=/><span>search</span></a></li><li><a href=https://speeddragon.github.io/categories/ title=categories><span>categories</span></a></li><li><a href=https://speeddragon.github.io/tags/ title=tags><span>tags</span></a></li></ul></nav></header><main class=main><article class=post-single><header class=post-header><h1 class="post-title entry-hint-parent">Postgres - I can't replicate a slow query</h1><div class=post-meta><span title='2025-09-08 16:26:00 +0100 +0100'>September 8, 2025</span>&nbsp;·&nbsp;4 min</div></header><div class=post-content><p>In one of my personal projects I&rsquo;ve implemented a <code>GenServer</code> to store slow queries. One of
these queries was returning 17+s seconds to return a result, so I decided to investigate the reason.</p><p>For the context, I&rsquo;m using a Postgres database and use PgAdmin as UI to test some queries.
The first step was to run the query on PgAdmin, but got a response immediately. Shouldn&rsquo;t this query take 17+ seconds?</p><p>For a long time, I didn&rsquo;t take a further deep dive into this because it wasn&rsquo;t impacting the rest of the application that
bad, so I just wrote a quick GitHub issue with the details to be checked later. At the time, a quick google search didn&rsquo;t produce any results.</p><h1 id=how-to-replicate-this>How to replicate this<a hidden class=anchor aria-hidden=true href=#how-to-replicate-this>#</a></h1><p>After 3 years, I decided to check this, now with more time to look into it. My first thought was to mimic the application behaviour and use prepared statements.</p><p>The query was something like this:</p><div class=highlight><pre tabindex=0 style=color:#f8f8f2;background-color:#272822;-moz-tab-size:4;-o-tab-size:4;tab-size:4><code class=language-sql data-lang=sql><span style=display:flex><span><span style=color:#66d9ef>SELECT</span> i0.<span style=color:#e6db74>&#34;id&#34;</span>, i0.<span style=color:#e6db74>&#34;field1&#34;</span> <span style=color:#66d9ef>FROM</span> <span style=color:#e6db74>&#34;table1&#34;</span> <span style=color:#66d9ef>AS</span> i0 <span style=color:#66d9ef>WHERE</span> (((i0.<span style=color:#e6db74>&#34;field1&#34;</span> <span style=color:#66d9ef>LIKE</span> <span style=color:#960050;background-color:#1e0010>$</span><span style=color:#ae81ff>1</span>) <span style=color:#66d9ef>AND</span> (i0.<span style=color:#e6db74>&#34;field2&#34;</span> <span style=color:#f92672>=</span> <span style=color:#960050;background-color:#1e0010>$</span><span style=color:#ae81ff>2</span>)) <span style=color:#66d9ef>AND</span> ((i0.<span style=color:#e6db74>&#34;field3&#34;</span> <span style=color:#f92672>=</span> <span style=color:#ae81ff>3</span>) <span style=color:#66d9ef>AND</span> (i0.<span style=color:#e6db74>&#34;field4&#34;</span> <span style=color:#f92672>&gt;=</span> <span style=color:#960050;background-color:#1e0010>$</span><span style=color:#ae81ff>3</span>))) <span style=color:#66d9ef>AND</span> (i0.<span style=color:#e6db74>&#34;id&#34;</span> <span style=color:#f92672>&gt;</span> <span style=color:#960050;background-color:#1e0010>$</span><span style=color:#ae81ff>4</span>) <span style=color:#66d9ef>ORDER</span> <span style=color:#66d9ef>BY</span> i0.<span style=color:#e6db74>&#34;id&#34;</span> <span style=color:#66d9ef>LIMIT</span> <span style=color:#ae81ff>1</span>
</span></span></code></pre></div><p>I can create a prepare statement by append <code>PREPARE query1 (text, text, text, int) AS</code> to the beginning of the query.
Then to execute I can call:</p><div class=highlight><pre tabindex=0 style=color:#f8f8f2;background-color:#272822;-moz-tab-size:4;-o-tab-size:4;tab-size:4><code class=language-sql data-lang=sql><span style=display:flex><span><span style=color:#66d9ef>EXPLAIN</span> (<span style=color:#66d9ef>ANALYZE</span>, BUFFERS) <span style=color:#66d9ef>EXECUTE</span> q3(<span style=color:#e6db74>&#39;input1%&#39;</span>, <span style=color:#e6db74>&#39;input2&#39;</span>, <span style=color:#e6db74>&#39;input3&#39;</span>, <span style=color:#ae81ff>11200000</span>);
</span></span></code></pre></div><p>To delete or modify the query, I need to delete it first, <code>DEALLOCATE query1;</code></p><p>Then, by running the query above more than 5 times, the 6th time would take the 17+ seconds instead of the sub second reply.
Now I can try to understand the reason, since the query plan is provided.</p><p>The first five times runs in less than 5 ms with the following query plan:</p><pre tabindex=0><code>
Limit  (cost=0.43..7792.39 rows=1 width=76) (actual time=5.224..5.226 rows=1 loops=1)
  Buffers: shared hit=1104 read=81 dirtied=1
  -&gt;  Index Scan using table1_pkey on table1 i0  (cost=0.43..132463.71 rows=17 width=76) (actual time=5.222..5.223 rows=1 loops=1)
        Index Cond: (id &gt; 11200000)
        Filter: (((field1)::text ~~ &#39;input%&#39;::text) AND ((field2)::text &gt;= &#39;input2&#39;::text) AND ((field3)::text = &#39;input3&#39;::text) AND (field4 = 3))
        Rows Removed by Filter: 1577
        Buffers: shared hit=1104 read=81 dirtied=1
Planning Time: 0.440 ms
Execution Time: 5.259 ms
</code></pre><p>The sixth time, it took 21 seconds with the following query plan.</p><pre tabindex=0><code>Limit  (cost=4839.18..4839.18 rows=1 width=76) (actual time=21123.561..21123.567 rows=1 loops=1)
  Buffers: shared hit=4764 read=131142 dirtied=1612 written=10
  -&gt;  Sort  (cost=4839.18..4839.19 rows=5 width=76) (actual time=21123.558..21123.562 rows=1 loops=1)
        Sort Key: id
        Sort Method: top-N heapsort  Memory: 25kB
        Buffers: shared hit=4764 read=131142 dirtied=1612 written=10
        -&gt;  Bitmap Heap Scan on table1 i0  (cost=4259.79..4839.16 rows=5 width=76) (actual time=3705.783..21123.033 rows=365 loops=1)
              Recheck Cond: (((field1)::text ~~ $1) AND ((field3)::text = $2))
              Rows Removed by Index Recheck: 3645131
              Filter: (((plate_letters)::text &gt;= $3) AND (id &gt; $4) AND (field4 = 3))
              Rows Removed by Filter: 471691
              Heap Blocks: exact=45202 lossy=66193
              Buffers: shared hit=4761 read=131142 dirtied=1612 written=10
              -&gt;  BitmapAnd  (cost=4259.79..4259.79 rows=147 width=0) (actual time=3366.735..3366.737 rows=0 loops=1)
                    Buffers: shared hit=4751 read=19757 written=10
                    -&gt;  Bitmap Index Scan on table1_field1_trgm_idx  (cost=0.00..1798.89 rows=55318 width=0) (actual time=774.775..774.775 rows=480650 loops=1)
                          Index Cond: ((field1)::text ~~ $1)
                          Buffers: shared hit=4750 read=3405 written=7
                    -&gt;  Bitmap Index Scan on table1_field3_idx  (cost=0.00..2460.65 rows=29346 width=0) (actual time=2581.453..2581.454 rows=559635 loops=1)
                          Index Cond: ((field3)::text = $2)
                          Buffers: shared hit=1 read=16352 written=3
Planning Time: 0.229 ms
Execution Time: 21124.522 ms
</code></pre><h1 id=solution>Solution<a hidden class=anchor aria-hidden=true href=#solution>#</a></h1><p>Since I can replicate our problem now, I can understand it and find the solution for it.</p><p>To achieve a quick result I can for the cache plan to use <code>force_custom_plan</code>.</p><div class=highlight><pre tabindex=0 style=color:#f8f8f2;background-color:#272822;-moz-tab-size:4;-o-tab-size:4;tab-size:4><code class=language-sql data-lang=sql><span style=display:flex><span><span style=color:#66d9ef>SET</span> plan_cache_mode <span style=color:#f92672>=</span> force_custom_plan;
</span></span></code></pre></div><p>I didn&rsquo;t use <code>force_custom_plan</code>, so I tweak the query so I could achieve similar result without the side effect of being
too slow by requesting some filters that were too broad.</p><h1 id=artificial-inteligance-or-llm>Artificial Inteligance (or LLM)<a hidden class=anchor aria-hidden=true href=#artificial-inteligance-or-llm>#</a></h1><p>First time I&rsquo;ve detected this was August 2022. ChatGPT was first launch in November 2022.</p><p>I&rsquo;ve been trying to integrate usage of LLM into my work for some time, but I didn&rsquo;t like the results.
When too specific about what I need it produce wrong results, but I&rsquo;ve changed my approach to search
for more simple stuff.</p><p>After I&rsquo;ve solved this, I decided to try to solve it using ChatGPT. Here it <a href=https://chatgpt.com/share/68bf01c6-9560-8001-974b-19a581423ff2>answer</a>.</p><p>I&rsquo;ve asked to show some solutions how to fix the planning, since it was changing and the first one was to set <code>force_custom_plan</code>.
I ended up using the 4th, rewriting the query.</p></div><footer class=post-footer><ul class=post-tags><li><a href=https://speeddragon.github.io/tags/sql/>Sql</a></li><li><a href=https://speeddragon.github.io/tags/postgres/>Postgres</a></li></ul><nav class=paginav><a class=prev href=https://speeddragon.github.io/posts/vehicle-cluster-simulation-and-fix/><span class=title>« Prev</span><br><span>Vehicle cluster simulation</span>
</a><a class=next href=https://speeddragon.github.io/posts/bypass_waf/><span class=title>Next »</span><br><span>Bypass WAF</span></a></nav><ul class=share-buttons><li><a target=_blank rel="noopener noreferrer" aria-label="share Postgres - I can't replicate a slow query on x" href="https://x.com/intent/tweet/?text=Postgres%20-%20I%20can%27t%20replicate%20a%20slow%20query&amp;url=https%3a%2f%2fspeeddragon.github.io%2fposts%2fpostgres-slow-query%2f&amp;hashtags=sql%2cpostgres"><svg viewBox="0 0 512 512" height="30" width="30" fill="currentColor"><path d="M512 62.554V449.446C512 483.97 483.97 512 449.446 512H62.554C28.03 512 0 483.97.0 449.446V62.554C0 28.03 28.029.0 62.554.0H449.446C483.971.0 512 28.03 512 62.554zM269.951 190.75 182.567 75.216H56L207.216 272.95 63.9 436.783h61.366L235.9 310.383l96.667 126.4H456L298.367 228.367l134-153.151H371.033zM127.633 110h36.468l219.38 290.065H349.5z"/></svg></a></li><li><a target=_blank rel="noopener noreferrer" aria-label="share Postgres - I can't replicate a slow query on linkedin" href="https://www.linkedin.com/shareArticle?mini=true&amp;url=https%3a%2f%2fspeeddragon.github.io%2fposts%2fpostgres-slow-query%2f&amp;title=Postgres%20-%20I%20can%27t%20replicate%20a%20slow%20query&amp;summary=Postgres%20-%20I%20can%27t%20replicate%20a%20slow%20query&amp;source=https%3a%2f%2fspeeddragon.github.io%2fposts%2fpostgres-slow-query%2f"><svg viewBox="0 0 512 512" height="30" width="30" fill="currentColor"><path d="M449.446.0C483.971.0 512 28.03 512 62.554v386.892C512 483.97 483.97 512 449.446 512H62.554c-34.524.0-62.554-28.03-62.554-62.554V62.554c0-34.524 28.029-62.554 62.554-62.554h386.892zM160.461 423.278V197.561h-75.04v225.717h75.04zm270.539.0V293.839c0-69.333-37.018-101.586-86.381-101.586-39.804.0-57.634 21.891-67.617 37.266v-31.958h-75.021c.995 21.181.0 225.717.0 225.717h75.02V297.222c0-6.748.486-13.492 2.474-18.315 5.414-13.475 17.767-27.434 38.494-27.434 27.135.0 38.007 20.707 38.007 51.037v120.768H431zM123.448 88.722C97.774 88.722 81 105.601 81 127.724c0 21.658 16.264 39.002 41.455 39.002h.484c26.165.0 42.452-17.344 42.452-39.002-.485-22.092-16.241-38.954-41.943-39.002z"/></svg></a></li><li><a target=_blank rel="noopener noreferrer" aria-label="share Postgres - I can't replicate a slow query on reddit" href="https://reddit.com/submit?url=https%3a%2f%2fspeeddragon.github.io%2fposts%2fpostgres-slow-query%2f&title=Postgres%20-%20I%20can%27t%20replicate%20a%20slow%20query"><svg viewBox="0 0 512 512" height="30" width="30" fill="currentColor"><path d="M449.446.0C483.971.0 512 28.03 512 62.554v386.892C512 483.97 483.97 512 449.446 512H62.554c-34.524.0-62.554-28.03-62.554-62.554V62.554c0-34.524 28.029-62.554 62.554-62.554h386.892zM446 265.638c0-22.964-18.616-41.58-41.58-41.58-11.211.0-21.361 4.457-28.841 11.666-28.424-20.508-67.586-33.757-111.204-35.278l18.941-89.121 61.884 13.157c.756 15.734 13.642 28.29 29.56 28.29 16.407.0 29.706-13.299 29.706-29.701.0-16.403-13.299-29.702-29.706-29.702-11.666.0-21.657 6.792-26.515 16.578l-69.105-14.69c-1.922-.418-3.939-.042-5.585 1.036-1.658 1.073-2.811 2.761-3.224 4.686l-21.152 99.438c-44.258 1.228-84.046 14.494-112.837 35.232-7.468-7.164-17.589-11.591-28.757-11.591-22.965.0-41.585 18.616-41.585 41.58.0 16.896 10.095 31.41 24.568 37.918-.639 4.135-.99 8.328-.99 12.576.0 63.977 74.469 115.836 166.33 115.836s166.334-51.859 166.334-115.836c0-4.218-.347-8.387-.977-12.493 14.564-6.47 24.735-21.034 24.735-38.001zM326.526 373.831c-20.27 20.241-59.115 21.816-70.534 21.816-11.428.0-50.277-1.575-70.522-21.82-3.007-3.008-3.007-7.882.0-10.889 3.003-2.999 7.882-3.003 10.885.0 12.777 12.781 40.11 17.317 59.637 17.317 19.522.0 46.86-4.536 59.657-17.321 3.016-2.999 7.886-2.995 10.885.008 3.008 3.011 3.003 7.882-.008 10.889zm-5.23-48.781c-16.373.0-29.701-13.324-29.701-29.698.0-16.381 13.328-29.714 29.701-29.714 16.378.0 29.706 13.333 29.706 29.714.0 16.374-13.328 29.698-29.706 29.698zM160.91 295.348c0-16.381 13.328-29.71 29.714-29.71 16.369.0 29.689 13.329 29.689 29.71.0 16.373-13.32 29.693-29.689 29.693-16.386.0-29.714-13.32-29.714-29.693z"/></svg></a></li><li><a target=_blank rel="noopener noreferrer" aria-label="share Postgres - I can't replicate a slow query on facebook" href="https://facebook.com/sharer/sharer.php?u=https%3a%2f%2fspeeddragon.github.io%2fposts%2fpostgres-slow-query%2f"><svg viewBox="0 0 512 512" height="30" width="30" fill="currentColor"><path d="M449.446.0C483.971.0 512 28.03 512 62.554v386.892C512 483.97 483.97 512 449.446 512H342.978V319.085h66.6l12.672-82.621h-79.272v-53.617c0-22.603 11.073-44.636 46.58-44.636H425.6v-70.34s-32.71-5.582-63.982-5.582c-65.288.0-107.96 39.569-107.96 111.204v62.971h-72.573v82.621h72.573V512h-191.104c-34.524.0-62.554-28.03-62.554-62.554V62.554c0-34.524 28.029-62.554 62.554-62.554h386.892z"/></svg></a></li><li><a target=_blank rel="noopener noreferrer" aria-label="share Postgres - I can't replicate a slow query on whatsapp" href="https://api.whatsapp.com/send?text=Postgres%20-%20I%20can%27t%20replicate%20a%20slow%20query%20-%20https%3a%2f%2fspeeddragon.github.io%2fposts%2fpostgres-slow-query%2f"><svg viewBox="0 0 512 512" height="30" width="30" fill="currentColor"><path d="M449.446.0C483.971.0 512 28.03 512 62.554v386.892C512 483.97 483.97 512 449.446 512H62.554c-34.524.0-62.554-28.03-62.554-62.554V62.554c0-34.524 28.029-62.554 62.554-62.554h386.892zm-58.673 127.703c-33.842-33.881-78.847-52.548-126.798-52.568-98.799.0-179.21 80.405-179.249 179.234-.013 31.593 8.241 62.428 23.927 89.612l-25.429 92.884 95.021-24.925c26.181 14.28 55.659 21.807 85.658 21.816h.074c98.789.0 179.206-80.413 179.247-179.243.018-47.895-18.61-92.93-52.451-126.81zM263.976 403.485h-.06c-26.734-.01-52.954-7.193-75.828-20.767l-5.441-3.229-56.386 14.792 15.05-54.977-3.542-5.637c-14.913-23.72-22.791-51.136-22.779-79.287.033-82.142 66.867-148.971 149.046-148.971 39.793.014 77.199 15.531 105.329 43.692 28.128 28.16 43.609 65.592 43.594 105.4-.034 82.149-66.866 148.983-148.983 148.984zm81.721-111.581c-4.479-2.242-26.499-13.075-30.604-14.571-4.105-1.495-7.091-2.241-10.077 2.241-2.986 4.483-11.569 14.572-14.182 17.562-2.612 2.988-5.225 3.364-9.703 1.12-4.479-2.241-18.91-6.97-36.017-22.23C231.8 264.15 222.81 249.484 220.198 245s-.279-6.908 1.963-9.14c2.016-2.007 4.48-5.232 6.719-7.847 2.24-2.615 2.986-4.484 4.479-7.472 1.493-2.99.747-5.604-.374-7.846-1.119-2.241-10.077-24.288-13.809-33.256-3.635-8.733-7.327-7.55-10.077-7.688-2.609-.13-5.598-.158-8.583-.158-2.986.0-7.839 1.121-11.944 5.604-4.105 4.484-15.675 15.32-15.675 37.364.0 22.046 16.048 43.342 18.287 46.332 2.24 2.99 31.582 48.227 76.511 67.627 10.685 4.615 19.028 7.371 25.533 9.434 10.728 3.41 20.492 2.929 28.209 1.775 8.605-1.285 26.499-10.833 30.231-21.295 3.732-10.464 3.732-19.431 2.612-21.298-1.119-1.869-4.105-2.99-8.583-5.232z"/></svg></a></li><li><a target=_blank rel="noopener noreferrer" aria-label="share Postgres - I can't replicate a slow query on telegram" href="https://telegram.me/share/url?text=Postgres%20-%20I%20can%27t%20replicate%20a%20slow%20query&amp;url=https%3a%2f%2fspeeddragon.github.io%2fposts%2fpostgres-slow-query%2f"><svg viewBox="2 2 28 28" height="30" width="30" fill="currentColor"><path d="M26.49 29.86H5.5a3.37 3.37.0 01-2.47-1 3.35 3.35.0 01-1-2.47V5.48A3.36 3.36.0 013 3 3.37 3.37.0 015.5 2h21A3.38 3.38.0 0129 3a3.36 3.36.0 011 2.46V26.37a3.35 3.35.0 01-1 2.47 3.38 3.38.0 01-2.51 1.02zm-5.38-6.71a.79.79.0 00.85-.66L24.73 9.24a.55.55.0 00-.18-.46.62.62.0 00-.41-.17q-.08.0-16.53 6.11a.59.59.0 00-.41.59.57.57.0 00.43.52l4 1.24 1.61 4.83a.62.62.0 00.63.43.56.56.0 00.4-.17L16.54 20l4.09 3A.9.9.0 0021.11 23.15zM13.8 20.71l-1.21-4q8.72-5.55 8.78-5.55c.15.0.23.0.23.16a.18.18.0 010 .06s-2.51 2.3-7.52 6.8z"/></svg></a></li><li><a target=_blank rel="noopener noreferrer" aria-label="share Postgres - I can't replicate a slow query on ycombinator" href="https://news.ycombinator.com/submitlink?t=Postgres%20-%20I%20can%27t%20replicate%20a%20slow%20query&u=https%3a%2f%2fspeeddragon.github.io%2fposts%2fpostgres-slow-query%2f"><svg width="30" height="30" viewBox="0 0 512 512" fill="currentColor"><path d="M449.446.0C483.971.0 512 28.03 512 62.554V449.446C512 483.97 483.97 512 449.446 512H62.554C28.03 512 0 483.97.0 449.446V62.554C0 28.03 28.029.0 62.554.0H449.446zM183.8767 87.9921h-62.034L230.6673 292.4508V424.0079h50.6655V292.4508L390.1575 87.9921H328.1233L256 238.2489z"/></svg></a></li></ul></footer></article></main><footer class=footer><span>&copy; 2025 <a href=https://speeddragon.github.io/>SpeedDragon Blog</a></span> ·
<span>Powered by
<a href=https://gohugo.io/ rel="noopener noreferrer" target=_blank>Hugo</a> &
<a href=https://github.com/adityatelange/hugo-PaperMod/ rel=noopener target=_blank>PaperMod</a></span></footer><a href=#top aria-label="go to top" title="Go to Top (Alt + G)" class=top-link id=top-link accesskey=g><svg viewBox="0 0 12 6" fill="currentColor"><path d="M12 6H0l6-6z"/></svg>
</a><script>let menu=document.getElementById("menu");menu&&(menu.scrollLeft=localStorage.getItem("menu-scroll-position"),menu.onscroll=function(){localStorage.setItem("menu-scroll-position",menu.scrollLeft)}),document.querySelectorAll('a[href^="#"]').forEach(e=>{e.addEventListener("click",function(e){e.preventDefault();var t=this.getAttribute("href").substr(1);window.matchMedia("(prefers-reduced-motion: reduce)").matches?document.querySelector(`[id='${decodeURIComponent(t)}']`).scrollIntoView():document.querySelector(`[id='${decodeURIComponent(t)}']`).scrollIntoView({behavior:"smooth"}),t==="top"?history.replaceState(null,null," "):history.pushState(null,null,`#${t}`)})})</script><script>var mybutton=document.getElementById("top-link");window.onscroll=function(){document.body.scrollTop>800||document.documentElement.scrollTop>800?(mybutton.style.visibility="visible",mybutton.style.opacity="1"):(mybutton.style.visibility="hidden",mybutton.style.opacity="0")}</script><script>document.getElementById("theme-toggle").addEventListener("click",()=>{document.body.className.includes("dark")?(document.body.classList.remove("dark"),localStorage.setItem("pref-theme","light")):(document.body.classList.add("dark"),localStorage.setItem("pref-theme","dark"))})</script></body></html>